ERROR - 2026-01-19 12:03:20 --> mysqli_sql_exception: Unknown column 'full_name' in 'field list' in C:\xamp\htdocs\reservation_ci\vendor\codeigniter4\framework\system\Database\MySQLi\Connection.php:327
Stack trace:
#0 C:\xamp\htdocs\reservation_ci\vendor\codeigniter4\framework\system\Database\MySQLi\Connection.php(327): mysqli->query('INSERT INTO `us...', 0)
#1 C:\xamp\htdocs\reservation_ci\vendor\codeigniter4\framework\system\Database\BaseConnection.php(729): CodeIgniter\Database\MySQLi\Connection->execute('INSERT INTO `us...')
#2 C:\xamp\htdocs\reservation_ci\vendor\codeigniter4\framework\system\Database\BaseConnection.php(646): CodeIgniter\Database\BaseConnection->simpleQuery('INSERT INTO `us...')
#3 C:\xamp\htdocs\reservation_ci\vendor\codeigniter4\framework\system\Database\BaseBuilder.php(2345): CodeIgniter\Database\BaseConnection->query('INSERT INTO `us...', Array, false)
#4 C:\xamp\htdocs\reservation_ci\vendor\codeigniter4\framework\system\Model.php(394): CodeIgniter\Database\BaseBuilder->insert()
#5 C:\xamp\htdocs\reservation_ci\vendor\codeigniter4\framework\system\BaseModel.php(838): CodeIgniter\Model->doInsert(Array)
#6 C:\xamp\htdocs\reservation_ci\vendor\codeigniter4\framework\system\Model.php(797): CodeIgniter\BaseModel->insert(Array, true)
#7 C:\xamp\htdocs\reservation_ci\app\Controllers\AuthController.php(95): CodeIgniter\Model->insert(Array)
#8 C:\xamp\htdocs\reservation_ci\vendor\codeigniter4\framework\system\CodeIgniter.php(933): App\Controllers\AuthController->registerAction()
#9 C:\xamp\htdocs\reservation_ci\vendor\codeigniter4\framework\system\CodeIgniter.php(507): CodeIgniter\CodeIgniter->runController(Object(App\Controllers\AuthController))
#10 C:\xamp\htdocs\reservation_ci\vendor\codeigniter4\framework\system\CodeIgniter.php(354): CodeIgniter\CodeIgniter->handleRequest(NULL, Object(Config\Cache), false)
#11 C:\xamp\htdocs\reservation_ci\vendor\codeigniter4\framework\system\Boot.php(363): CodeIgniter\CodeIgniter->run()
#12 C:\xamp\htdocs\reservation_ci\vendor\codeigniter4\framework\system\Boot.php(68): CodeIgniter\Boot::runCodeIgniter(Object(CodeIgniter\CodeIgniter))
#13 C:\xamp\htdocs\reservation_ci\public\index.php(59): CodeIgniter\Boot::bootWeb(Object(Config\Paths))
#14 C:\xamp\htdocs\reservation_ci\vendor\codeigniter4\framework\system\rewrite.php(44): require_once('C:\\xamp\\htdocs\\...')
#15 {main}
CRITICAL - 2026-01-19 12:03:20 --> CodeIgniter\Database\Exceptions\DatabaseException: Unknown column 'full_name' in 'field list'
[Method: POST, Route: register-action]
in SYSTEMPATH\Database\BaseConnection.php on line 684.
 1 SYSTEMPATH\Database\BaseBuilder.php(2345): CodeIgniter\Database\BaseConnection->query('INSERT INTO `users` (`full_name`, `email`, `role`, `password`, `is_approved`, `is_verified`, `verification_token`, `created_at`) VALUES (:full_name:, :email:, :role:, :password:, :is_approved:, :is_verified:, :verification_token:, :created_at:)', [...], false)
 2 SYSTEMPATH\Model.php(394): CodeIgniter\Database\BaseBuilder->insert()
 3 SYSTEMPATH\BaseModel.php(838): CodeIgniter\Model->doInsert([...])
 4 SYSTEMPATH\Model.php(797): CodeIgniter\BaseModel->insert([...], true)
 5 APPPATH\Controllers\AuthController.php(95): CodeIgniter\Model->insert([...])
 6 SYSTEMPATH\CodeIgniter.php(933): App\Controllers\AuthController->registerAction()
 7 SYSTEMPATH\CodeIgniter.php(507): CodeIgniter\CodeIgniter->runController(Object(App\Controllers\AuthController))
 8 SYSTEMPATH\CodeIgniter.php(354): CodeIgniter\CodeIgniter->handleRequest(null, Object(Config\Cache), false)
 9 SYSTEMPATH\Boot.php(363): CodeIgniter\CodeIgniter->run()
10 SYSTEMPATH\Boot.php(68): CodeIgniter\Boot::runCodeIgniter(Object(CodeIgniter\CodeIgniter))
11 FCPATH\index.php(59): CodeIgniter\Boot::bootWeb(Object(Config\Paths))
12 SYSTEMPATH\rewrite.php(44): require_once('C:\\xamp\\htdocs\\reservation_ci\\public\\index.php')
CRITICAL - 2026-01-19 12:03:20 --> [Caused by] CodeIgniter\Database\Exceptions\DatabaseException: Unknown column 'full_name' in 'field list'
in SYSTEMPATH\Database\MySQLi\Connection.php on line 332.
 1 SYSTEMPATH\Database\BaseConnection.php(729): CodeIgniter\Database\MySQLi\Connection->execute('INSERT INTO `users` (`full_name`, `email`, `role`, `password`, `is_approved`, `is_verified`, `verification_token`, `created_at`) VALUES (\'Angeli Mae Gabuat\', \'gabuatangelimae@gmail.com\', \'resident\', \'$2y$10$AHZNl9oQUb0WN5W48grSYeHUtuIzr6CKnQxtEkkY6mKQx6A8kKi2S\', 1, 0, \'a795ba2fe5cdc5f65a2fea7ea6ce1df7\', \'2026-01-19 12:03:20\')')
 2 SYSTEMPATH\Database\BaseConnection.php(646): CodeIgniter\Database\BaseConnection->simpleQuery('INSERT INTO `users` (`full_name`, `email`, `role`, `password`, `is_approved`, `is_verified`, `verification_token`, `created_at`) VALUES (\'Angeli Mae Gabuat\', \'gabuatangelimae@gmail.com\', \'resident\', \'$2y$10$AHZNl9oQUb0WN5W48grSYeHUtuIzr6CKnQxtEkkY6mKQx6A8kKi2S\', 1, 0, \'a795ba2fe5cdc5f65a2fea7ea6ce1df7\', \'2026-01-19 12:03:20\')')
 3 SYSTEMPATH\Database\BaseBuilder.php(2345): CodeIgniter\Database\BaseConnection->query('INSERT INTO `users` (`full_name`, `email`, `role`, `password`, `is_approved`, `is_verified`, `verification_token`, `created_at`) VALUES (:full_name:, :email:, :role:, :password:, :is_approved:, :is_verified:, :verification_token:, :created_at:)', [...], false)
 4 SYSTEMPATH\Model.php(394): CodeIgniter\Database\BaseBuilder->insert()
 5 SYSTEMPATH\BaseModel.php(838): CodeIgniter\Model->doInsert([...])
 6 SYSTEMPATH\Model.php(797): CodeIgniter\BaseModel->insert([...], true)
 7 APPPATH\Controllers\AuthController.php(95): CodeIgniter\Model->insert([...])
 8 SYSTEMPATH\CodeIgniter.php(933): App\Controllers\AuthController->registerAction()
 9 SYSTEMPATH\CodeIgniter.php(507): CodeIgniter\CodeIgniter->runController(Object(App\Controllers\AuthController))
10 SYSTEMPATH\CodeIgniter.php(354): CodeIgniter\CodeIgniter->handleRequest(null, Object(Config\Cache), false)
11 SYSTEMPATH\Boot.php(363): CodeIgniter\CodeIgniter->run()
12 SYSTEMPATH\Boot.php(68): CodeIgniter\Boot::runCodeIgniter(Object(CodeIgniter\CodeIgniter))
13 FCPATH\index.php(59): CodeIgniter\Boot::bootWeb(Object(Config\Paths))
14 SYSTEMPATH\rewrite.php(44): require_once('C:\\xamp\\htdocs\\reservation_ci\\public\\index.php')
CRITICAL - 2026-01-19 12:03:20 --> [Caused by] mysqli_sql_exception: Unknown column 'full_name' in 'field list'
in SYSTEMPATH\Database\MySQLi\Connection.php on line 327.
 1 SYSTEMPATH\Database\MySQLi\Connection.php(327): mysqli->query('INSERT INTO `users` (`full_name`, `email`, `role`, `password`, `is_approved`, `is_verified`, `verification_token`, `created_at`) VALUES (\'Angeli Mae Gabuat\', \'gabuatangelimae@gmail.com\', \'resident\', \'$2y$10$AHZNl9oQUb0WN5W48grSYeHUtuIzr6CKnQxtEkkY6mKQx6A8kKi2S\', 1, 0, \'a795ba2fe5cdc5f65a2fea7ea6ce1df7\', \'2026-01-19 12:03:20\')', 0)
 2 SYSTEMPATH\Database\BaseConnection.php(729): CodeIgniter\Database\MySQLi\Connection->execute('INSERT INTO `users` (`full_name`, `email`, `role`, `password`, `is_approved`, `is_verified`, `verification_token`, `created_at`) VALUES (\'Angeli Mae Gabuat\', \'gabuatangelimae@gmail.com\', \'resident\', \'$2y$10$AHZNl9oQUb0WN5W48grSYeHUtuIzr6CKnQxtEkkY6mKQx6A8kKi2S\', 1, 0, \'a795ba2fe5cdc5f65a2fea7ea6ce1df7\', \'2026-01-19 12:03:20\')')
 3 SYSTEMPATH\Database\BaseConnection.php(646): CodeIgniter\Database\BaseConnection->simpleQuery('INSERT INTO `users` (`full_name`, `email`, `role`, `password`, `is_approved`, `is_verified`, `verification_token`, `created_at`) VALUES (\'Angeli Mae Gabuat\', \'gabuatangelimae@gmail.com\', \'resident\', \'$2y$10$AHZNl9oQUb0WN5W48grSYeHUtuIzr6CKnQxtEkkY6mKQx6A8kKi2S\', 1, 0, \'a795ba2fe5cdc5f65a2fea7ea6ce1df7\', \'2026-01-19 12:03:20\')')
 4 SYSTEMPATH\Database\BaseBuilder.php(2345): CodeIgniter\Database\BaseConnection->query('INSERT INTO `users` (`full_name`, `email`, `role`, `password`, `is_approved`, `is_verified`, `verification_token`, `created_at`) VALUES (:full_name:, :email:, :role:, :password:, :is_approved:, :is_verified:, :verification_token:, :created_at:)', [...], false)
 5 SYSTEMPATH\Model.php(394): CodeIgniter\Database\BaseBuilder->insert()
 6 SYSTEMPATH\BaseModel.php(838): CodeIgniter\Model->doInsert([...])
 7 SYSTEMPATH\Model.php(797): CodeIgniter\BaseModel->insert([...], true)
 8 APPPATH\Controllers\AuthController.php(95): CodeIgniter\Model->insert([...])
 9 SYSTEMPATH\CodeIgniter.php(933): App\Controllers\AuthController->registerAction()
10 SYSTEMPATH\CodeIgniter.php(507): CodeIgniter\CodeIgniter->runController(Object(App\Controllers\AuthController))
11 SYSTEMPATH\CodeIgniter.php(354): CodeIgniter\CodeIgniter->handleRequest(null, Object(Config\Cache), false)
12 SYSTEMPATH\Boot.php(363): CodeIgniter\CodeIgniter->run()
13 SYSTEMPATH\Boot.php(68): CodeIgniter\Boot::runCodeIgniter(Object(CodeIgniter\CodeIgniter))
14 FCPATH\index.php(59): CodeIgniter\Boot::bootWeb(Object(Config\Paths))
15 SYSTEMPATH\rewrite.php(44): require_once('C:\\xamp\\htdocs\\reservation_ci\\public\\index.php')
ERROR - 2026-01-19 12:04:38 --> mysqli_sql_exception: Unknown column 'full_name' in 'field list' in C:\xamp\htdocs\reservation_ci\vendor\codeigniter4\framework\system\Database\MySQLi\Connection.php:327
Stack trace:
#0 C:\xamp\htdocs\reservation_ci\vendor\codeigniter4\framework\system\Database\MySQLi\Connection.php(327): mysqli->query('INSERT INTO `us...', 0)
#1 C:\xamp\htdocs\reservation_ci\vendor\codeigniter4\framework\system\Database\BaseConnection.php(729): CodeIgniter\Database\MySQLi\Connection->execute('INSERT INTO `us...')
#2 C:\xamp\htdocs\reservation_ci\vendor\codeigniter4\framework\system\Database\BaseConnection.php(646): CodeIgniter\Database\BaseConnection->simpleQuery('INSERT INTO `us...')
#3 C:\xamp\htdocs\reservation_ci\vendor\codeigniter4\framework\system\Database\BaseBuilder.php(2345): CodeIgniter\Database\BaseConnection->query('INSERT INTO `us...', Array, false)
#4 C:\xamp\htdocs\reservation_ci\vendor\codeigniter4\framework\system\Model.php(394): CodeIgniter\Database\BaseBuilder->insert()
#5 C:\xamp\htdocs\reservation_ci\vendor\codeigniter4\framework\system\BaseModel.php(838): CodeIgniter\Model->doInsert(Array)
#6 C:\xamp\htdocs\reservation_ci\vendor\codeigniter4\framework\system\Model.php(797): CodeIgniter\BaseModel->insert(Array, true)
#7 C:\xamp\htdocs\reservation_ci\app\Controllers\AuthController.php(95): CodeIgniter\Model->insert(Array)
#8 C:\xamp\htdocs\reservation_ci\vendor\codeigniter4\framework\system\CodeIgniter.php(933): App\Controllers\AuthController->registerAction()
#9 C:\xamp\htdocs\reservation_ci\vendor\codeigniter4\framework\system\CodeIgniter.php(507): CodeIgniter\CodeIgniter->runController(Object(App\Controllers\AuthController))
#10 C:\xamp\htdocs\reservation_ci\vendor\codeigniter4\framework\system\CodeIgniter.php(354): CodeIgniter\CodeIgniter->handleRequest(NULL, Object(Config\Cache), false)
#11 C:\xamp\htdocs\reservation_ci\vendor\codeigniter4\framework\system\Boot.php(363): CodeIgniter\CodeIgniter->run()
#12 C:\xamp\htdocs\reservation_ci\vendor\codeigniter4\framework\system\Boot.php(68): CodeIgniter\Boot::runCodeIgniter(Object(CodeIgniter\CodeIgniter))
#13 C:\xamp\htdocs\reservation_ci\public\index.php(59): CodeIgniter\Boot::bootWeb(Object(Config\Paths))
#14 C:\xamp\htdocs\reservation_ci\vendor\codeigniter4\framework\system\rewrite.php(44): require_once('C:\\xamp\\htdocs\\...')
#15 {main}
CRITICAL - 2026-01-19 12:04:38 --> CodeIgniter\Database\Exceptions\DatabaseException: Unknown column 'full_name' in 'field list'
[Method: POST, Route: register-action]
in SYSTEMPATH\Database\BaseConnection.php on line 684.
 1 SYSTEMPATH\Database\BaseBuilder.php(2345): CodeIgniter\Database\BaseConnection->query('INSERT INTO `users` (`full_name`, `email`, `role`, `password`, `is_approved`, `is_verified`, `verification_token`, `created_at`) VALUES (:full_name:, :email:, :role:, :password:, :is_approved:, :is_verified:, :verification_token:, :created_at:)', [...], false)
 2 SYSTEMPATH\Model.php(394): CodeIgniter\Database\BaseBuilder->insert()
 3 SYSTEMPATH\BaseModel.php(838): CodeIgniter\Model->doInsert([...])
 4 SYSTEMPATH\Model.php(797): CodeIgniter\BaseModel->insert([...], true)
 5 APPPATH\Controllers\AuthController.php(95): CodeIgniter\Model->insert([...])
 6 SYSTEMPATH\CodeIgniter.php(933): App\Controllers\AuthController->registerAction()
 7 SYSTEMPATH\CodeIgniter.php(507): CodeIgniter\CodeIgniter->runController(Object(App\Controllers\AuthController))
 8 SYSTEMPATH\CodeIgniter.php(354): CodeIgniter\CodeIgniter->handleRequest(null, Object(Config\Cache), false)
 9 SYSTEMPATH\Boot.php(363): CodeIgniter\CodeIgniter->run()
10 SYSTEMPATH\Boot.php(68): CodeIgniter\Boot::runCodeIgniter(Object(CodeIgniter\CodeIgniter))
11 FCPATH\index.php(59): CodeIgniter\Boot::bootWeb(Object(Config\Paths))
12 SYSTEMPATH\rewrite.php(44): require_once('C:\\xamp\\htdocs\\reservation_ci\\public\\index.php')
CRITICAL - 2026-01-19 12:04:38 --> [Caused by] CodeIgniter\Database\Exceptions\DatabaseException: Unknown column 'full_name' in 'field list'
in SYSTEMPATH\Database\MySQLi\Connection.php on line 332.
 1 SYSTEMPATH\Database\BaseConnection.php(729): CodeIgniter\Database\MySQLi\Connection->execute('INSERT INTO `users` (`full_name`, `email`, `role`, `password`, `is_approved`, `is_verified`, `verification_token`, `created_at`) VALUES (\'Angeli Mae Gabuat\', \'gabuatangelimae@gmail.com\', \'resident\', \'$2y$10$5yRX9WJA0wK8MkVFZ.0GSeN5iOMO5LMtT3giTNx2geyhuSpw2Ol2q\', 1, 0, \'2c8c694b6f414e2bb7c34f20d07c159e\', \'2026-01-19 12:04:38\')')
 2 SYSTEMPATH\Database\BaseConnection.php(646): CodeIgniter\Database\BaseConnection->simpleQuery('INSERT INTO `users` (`full_name`, `email`, `role`, `password`, `is_approved`, `is_verified`, `verification_token`, `created_at`) VALUES (\'Angeli Mae Gabuat\', \'gabuatangelimae@gmail.com\', \'resident\', \'$2y$10$5yRX9WJA0wK8MkVFZ.0GSeN5iOMO5LMtT3giTNx2geyhuSpw2Ol2q\', 1, 0, \'2c8c694b6f414e2bb7c34f20d07c159e\', \'2026-01-19 12:04:38\')')
 3 SYSTEMPATH\Database\BaseBuilder.php(2345): CodeIgniter\Database\BaseConnection->query('INSERT INTO `users` (`full_name`, `email`, `role`, `password`, `is_approved`, `is_verified`, `verification_token`, `created_at`) VALUES (:full_name:, :email:, :role:, :password:, :is_approved:, :is_verified:, :verification_token:, :created_at:)', [...], false)
 4 SYSTEMPATH\Model.php(394): CodeIgniter\Database\BaseBuilder->insert()
 5 SYSTEMPATH\BaseModel.php(838): CodeIgniter\Model->doInsert([...])
 6 SYSTEMPATH\Model.php(797): CodeIgniter\BaseModel->insert([...], true)
 7 APPPATH\Controllers\AuthController.php(95): CodeIgniter\Model->insert([...])
 8 SYSTEMPATH\CodeIgniter.php(933): App\Controllers\AuthController->registerAction()
 9 SYSTEMPATH\CodeIgniter.php(507): CodeIgniter\CodeIgniter->runController(Object(App\Controllers\AuthController))
10 SYSTEMPATH\CodeIgniter.php(354): CodeIgniter\CodeIgniter->handleRequest(null, Object(Config\Cache), false)
11 SYSTEMPATH\Boot.php(363): CodeIgniter\CodeIgniter->run()
12 SYSTEMPATH\Boot.php(68): CodeIgniter\Boot::runCodeIgniter(Object(CodeIgniter\CodeIgniter))
13 FCPATH\index.php(59): CodeIgniter\Boot::bootWeb(Object(Config\Paths))
14 SYSTEMPATH\rewrite.php(44): require_once('C:\\xamp\\htdocs\\reservation_ci\\public\\index.php')
CRITICAL - 2026-01-19 12:04:38 --> [Caused by] mysqli_sql_exception: Unknown column 'full_name' in 'field list'
in SYSTEMPATH\Database\MySQLi\Connection.php on line 327.
 1 SYSTEMPATH\Database\MySQLi\Connection.php(327): mysqli->query('INSERT INTO `users` (`full_name`, `email`, `role`, `password`, `is_approved`, `is_verified`, `verification_token`, `created_at`) VALUES (\'Angeli Mae Gabuat\', \'gabuatangelimae@gmail.com\', \'resident\', \'$2y$10$5yRX9WJA0wK8MkVFZ.0GSeN5iOMO5LMtT3giTNx2geyhuSpw2Ol2q\', 1, 0, \'2c8c694b6f414e2bb7c34f20d07c159e\', \'2026-01-19 12:04:38\')', 0)
 2 SYSTEMPATH\Database\BaseConnection.php(729): CodeIgniter\Database\MySQLi\Connection->execute('INSERT INTO `users` (`full_name`, `email`, `role`, `password`, `is_approved`, `is_verified`, `verification_token`, `created_at`) VALUES (\'Angeli Mae Gabuat\', \'gabuatangelimae@gmail.com\', \'resident\', \'$2y$10$5yRX9WJA0wK8MkVFZ.0GSeN5iOMO5LMtT3giTNx2geyhuSpw2Ol2q\', 1, 0, \'2c8c694b6f414e2bb7c34f20d07c159e\', \'2026-01-19 12:04:38\')')
 3 SYSTEMPATH\Database\BaseConnection.php(646): CodeIgniter\Database\BaseConnection->simpleQuery('INSERT INTO `users` (`full_name`, `email`, `role`, `password`, `is_approved`, `is_verified`, `verification_token`, `created_at`) VALUES (\'Angeli Mae Gabuat\', \'gabuatangelimae@gmail.com\', \'resident\', \'$2y$10$5yRX9WJA0wK8MkVFZ.0GSeN5iOMO5LMtT3giTNx2geyhuSpw2Ol2q\', 1, 0, \'2c8c694b6f414e2bb7c34f20d07c159e\', \'2026-01-19 12:04:38\')')
 4 SYSTEMPATH\Database\BaseBuilder.php(2345): CodeIgniter\Database\BaseConnection->query('INSERT INTO `users` (`full_name`, `email`, `role`, `password`, `is_approved`, `is_verified`, `verification_token`, `created_at`) VALUES (:full_name:, :email:, :role:, :password:, :is_approved:, :is_verified:, :verification_token:, :created_at:)', [...], false)
 5 SYSTEMPATH\Model.php(394): CodeIgniter\Database\BaseBuilder->insert()
 6 SYSTEMPATH\BaseModel.php(838): CodeIgniter\Model->doInsert([...])
 7 SYSTEMPATH\Model.php(797): CodeIgniter\BaseModel->insert([...], true)
 8 APPPATH\Controllers\AuthController.php(95): CodeIgniter\Model->insert([...])
 9 SYSTEMPATH\CodeIgniter.php(933): App\Controllers\AuthController->registerAction()
10 SYSTEMPATH\CodeIgniter.php(507): CodeIgniter\CodeIgniter->runController(Object(App\Controllers\AuthController))
11 SYSTEMPATH\CodeIgniter.php(354): CodeIgniter\CodeIgniter->handleRequest(null, Object(Config\Cache), false)
12 SYSTEMPATH\Boot.php(363): CodeIgniter\CodeIgniter->run()
13 SYSTEMPATH\Boot.php(68): CodeIgniter\Boot::runCodeIgniter(Object(CodeIgniter\CodeIgniter))
14 FCPATH\index.php(59): CodeIgniter\Boot::bootWeb(Object(Config\Paths))
15 SYSTEMPATH\rewrite.php(44): require_once('C:\\xamp\\htdocs\\reservation_ci\\public\\index.php')
ERROR - 2026-01-19 12:04:45 --> mysqli_sql_exception: Unknown column 'full_name' in 'field list' in C:\xamp\htdocs\reservation_ci\vendor\codeigniter4\framework\system\Database\MySQLi\Connection.php:327
Stack trace:
#0 C:\xamp\htdocs\reservation_ci\vendor\codeigniter4\framework\system\Database\MySQLi\Connection.php(327): mysqli->query('INSERT INTO `us...', 0)
#1 C:\xamp\htdocs\reservation_ci\vendor\codeigniter4\framework\system\Database\BaseConnection.php(729): CodeIgniter\Database\MySQLi\Connection->execute('INSERT INTO `us...')
#2 C:\xamp\htdocs\reservation_ci\vendor\codeigniter4\framework\system\Database\BaseConnection.php(646): CodeIgniter\Database\BaseConnection->simpleQuery('INSERT INTO `us...')
#3 C:\xamp\htdocs\reservation_ci\vendor\codeigniter4\framework\system\Database\BaseBuilder.php(2345): CodeIgniter\Database\BaseConnection->query('INSERT INTO `us...', Array, false)
#4 C:\xamp\htdocs\reservation_ci\vendor\codeigniter4\framework\system\Model.php(394): CodeIgniter\Database\BaseBuilder->insert()
#5 C:\xamp\htdocs\reservation_ci\vendor\codeigniter4\framework\system\BaseModel.php(838): CodeIgniter\Model->doInsert(Array)
#6 C:\xamp\htdocs\reservation_ci\vendor\codeigniter4\framework\system\Model.php(797): CodeIgniter\BaseModel->insert(Array, true)
#7 C:\xamp\htdocs\reservation_ci\app\Controllers\AuthController.php(95): CodeIgniter\Model->insert(Array)
#8 C:\xamp\htdocs\reservation_ci\vendor\codeigniter4\framework\system\CodeIgniter.php(933): App\Controllers\AuthController->registerAction()
#9 C:\xamp\htdocs\reservation_ci\vendor\codeigniter4\framework\system\CodeIgniter.php(507): CodeIgniter\CodeIgniter->runController(Object(App\Controllers\AuthController))
#10 C:\xamp\htdocs\reservation_ci\vendor\codeigniter4\framework\system\CodeIgniter.php(354): CodeIgniter\CodeIgniter->handleRequest(NULL, Object(Config\Cache), false)
#11 C:\xamp\htdocs\reservation_ci\vendor\codeigniter4\framework\system\Boot.php(363): CodeIgniter\CodeIgniter->run()
#12 C:\xamp\htdocs\reservation_ci\vendor\codeigniter4\framework\system\Boot.php(68): CodeIgniter\Boot::runCodeIgniter(Object(CodeIgniter\CodeIgniter))
#13 C:\xamp\htdocs\reservation_ci\public\index.php(59): CodeIgniter\Boot::bootWeb(Object(Config\Paths))
#14 C:\xamp\htdocs\reservation_ci\vendor\codeigniter4\framework\system\rewrite.php(44): require_once('C:\\xamp\\htdocs\\...')
#15 {main}
CRITICAL - 2026-01-19 12:04:45 --> CodeIgniter\Database\Exceptions\DatabaseException: Unknown column 'full_name' in 'field list'
[Method: POST, Route: register-action]
in SYSTEMPATH\Database\BaseConnection.php on line 684.
 1 SYSTEMPATH\Database\BaseBuilder.php(2345): CodeIgniter\Database\BaseConnection->query('INSERT INTO `users` (`full_name`, `email`, `role`, `password`, `is_approved`, `is_verified`, `verification_token`, `created_at`) VALUES (:full_name:, :email:, :role:, :password:, :is_approved:, :is_verified:, :verification_token:, :created_at:)', [...], false)
 2 SYSTEMPATH\Model.php(394): CodeIgniter\Database\BaseBuilder->insert()
 3 SYSTEMPATH\BaseModel.php(838): CodeIgniter\Model->doInsert([...])
 4 SYSTEMPATH\Model.php(797): CodeIgniter\BaseModel->insert([...], true)
 5 APPPATH\Controllers\AuthController.php(95): CodeIgniter\Model->insert([...])
 6 SYSTEMPATH\CodeIgniter.php(933): App\Controllers\AuthController->registerAction()
 7 SYSTEMPATH\CodeIgniter.php(507): CodeIgniter\CodeIgniter->runController(Object(App\Controllers\AuthController))
 8 SYSTEMPATH\CodeIgniter.php(354): CodeIgniter\CodeIgniter->handleRequest(null, Object(Config\Cache), false)
 9 SYSTEMPATH\Boot.php(363): CodeIgniter\CodeIgniter->run()
10 SYSTEMPATH\Boot.php(68): CodeIgniter\Boot::runCodeIgniter(Object(CodeIgniter\CodeIgniter))
11 FCPATH\index.php(59): CodeIgniter\Boot::bootWeb(Object(Config\Paths))
12 SYSTEMPATH\rewrite.php(44): require_once('C:\\xamp\\htdocs\\reservation_ci\\public\\index.php')
CRITICAL - 2026-01-19 12:04:45 --> [Caused by] CodeIgniter\Database\Exceptions\DatabaseException: Unknown column 'full_name' in 'field list'
in SYSTEMPATH\Database\MySQLi\Connection.php on line 332.
 1 SYSTEMPATH\Database\BaseConnection.php(729): CodeIgniter\Database\MySQLi\Connection->execute('INSERT INTO `users` (`full_name`, `email`, `role`, `password`, `is_approved`, `is_verified`, `verification_token`, `created_at`) VALUES (\'Angeli Mae Gabuat\', \'gabuatangelimae@gmail.com\', \'resident\', \'$2y$10$erNBQXuHXq4E9ri/RigyDuzowSCDvXxoSMYDLSF7xjLU.1ie4WzYq\', 1, 0, \'285ce629dc9adc9889ce9b6b95e8af26\', \'2026-01-19 12:04:45\')')
 2 SYSTEMPATH\Database\BaseConnection.php(646): CodeIgniter\Database\BaseConnection->simpleQuery('INSERT INTO `users` (`full_name`, `email`, `role`, `password`, `is_approved`, `is_verified`, `verification_token`, `created_at`) VALUES (\'Angeli Mae Gabuat\', \'gabuatangelimae@gmail.com\', \'resident\', \'$2y$10$erNBQXuHXq4E9ri/RigyDuzowSCDvXxoSMYDLSF7xjLU.1ie4WzYq\', 1, 0, \'285ce629dc9adc9889ce9b6b95e8af26\', \'2026-01-19 12:04:45\')')
 3 SYSTEMPATH\Database\BaseBuilder.php(2345): CodeIgniter\Database\BaseConnection->query('INSERT INTO `users` (`full_name`, `email`, `role`, `password`, `is_approved`, `is_verified`, `verification_token`, `created_at`) VALUES (:full_name:, :email:, :role:, :password:, :is_approved:, :is_verified:, :verification_token:, :created_at:)', [...], false)
 4 SYSTEMPATH\Model.php(394): CodeIgniter\Database\BaseBuilder->insert()
 5 SYSTEMPATH\BaseModel.php(838): CodeIgniter\Model->doInsert([...])
 6 SYSTEMPATH\Model.php(797): CodeIgniter\BaseModel->insert([...], true)
 7 APPPATH\Controllers\AuthController.php(95): CodeIgniter\Model->insert([...])
 8 SYSTEMPATH\CodeIgniter.php(933): App\Controllers\AuthController->registerAction()
 9 SYSTEMPATH\CodeIgniter.php(507): CodeIgniter\CodeIgniter->runController(Object(App\Controllers\AuthController))
10 SYSTEMPATH\CodeIgniter.php(354): CodeIgniter\CodeIgniter->handleRequest(null, Object(Config\Cache), false)
11 SYSTEMPATH\Boot.php(363): CodeIgniter\CodeIgniter->run()
12 SYSTEMPATH\Boot.php(68): CodeIgniter\Boot::runCodeIgniter(Object(CodeIgniter\CodeIgniter))
13 FCPATH\index.php(59): CodeIgniter\Boot::bootWeb(Object(Config\Paths))
14 SYSTEMPATH\rewrite.php(44): require_once('C:\\xamp\\htdocs\\reservation_ci\\public\\index.php')
CRITICAL - 2026-01-19 12:04:45 --> [Caused by] mysqli_sql_exception: Unknown column 'full_name' in 'field list'
in SYSTEMPATH\Database\MySQLi\Connection.php on line 327.
 1 SYSTEMPATH\Database\MySQLi\Connection.php(327): mysqli->query('INSERT INTO `users` (`full_name`, `email`, `role`, `password`, `is_approved`, `is_verified`, `verification_token`, `created_at`) VALUES (\'Angeli Mae Gabuat\', \'gabuatangelimae@gmail.com\', \'resident\', \'$2y$10$erNBQXuHXq4E9ri/RigyDuzowSCDvXxoSMYDLSF7xjLU.1ie4WzYq\', 1, 0, \'285ce629dc9adc9889ce9b6b95e8af26\', \'2026-01-19 12:04:45\')', 0)
 2 SYSTEMPATH\Database\BaseConnection.php(729): CodeIgniter\Database\MySQLi\Connection->execute('INSERT INTO `users` (`full_name`, `email`, `role`, `password`, `is_approved`, `is_verified`, `verification_token`, `created_at`) VALUES (\'Angeli Mae Gabuat\', \'gabuatangelimae@gmail.com\', \'resident\', \'$2y$10$erNBQXuHXq4E9ri/RigyDuzowSCDvXxoSMYDLSF7xjLU.1ie4WzYq\', 1, 0, \'285ce629dc9adc9889ce9b6b95e8af26\', \'2026-01-19 12:04:45\')')
 3 SYSTEMPATH\Database\BaseConnection.php(646): CodeIgniter\Database\BaseConnection->simpleQuery('INSERT INTO `users` (`full_name`, `email`, `role`, `password`, `is_approved`, `is_verified`, `verification_token`, `created_at`) VALUES (\'Angeli Mae Gabuat\', \'gabuatangelimae@gmail.com\', \'resident\', \'$2y$10$erNBQXuHXq4E9ri/RigyDuzowSCDvXxoSMYDLSF7xjLU.1ie4WzYq\', 1, 0, \'285ce629dc9adc9889ce9b6b95e8af26\', \'2026-01-19 12:04:45\')')
 4 SYSTEMPATH\Database\BaseBuilder.php(2345): CodeIgniter\Database\BaseConnection->query('INSERT INTO `users` (`full_name`, `email`, `role`, `password`, `is_approved`, `is_verified`, `verification_token`, `created_at`) VALUES (:full_name:, :email:, :role:, :password:, :is_approved:, :is_verified:, :verification_token:, :created_at:)', [...], false)
 5 SYSTEMPATH\Model.php(394): CodeIgniter\Database\BaseBuilder->insert()
 6 SYSTEMPATH\BaseModel.php(838): CodeIgniter\Model->doInsert([...])
 7 SYSTEMPATH\Model.php(797): CodeIgniter\BaseModel->insert([...], true)
 8 APPPATH\Controllers\AuthController.php(95): CodeIgniter\Model->insert([...])
 9 SYSTEMPATH\CodeIgniter.php(933): App\Controllers\AuthController->registerAction()
10 SYSTEMPATH\CodeIgniter.php(507): CodeIgniter\CodeIgniter->runController(Object(App\Controllers\AuthController))
11 SYSTEMPATH\CodeIgniter.php(354): CodeIgniter\CodeIgniter->handleRequest(null, Object(Config\Cache), false)
12 SYSTEMPATH\Boot.php(363): CodeIgniter\CodeIgniter->run()
13 SYSTEMPATH\Boot.php(68): CodeIgniter\Boot::runCodeIgniter(Object(CodeIgniter\CodeIgniter))
14 FCPATH\index.php(59): CodeIgniter\Boot::bootWeb(Object(Config\Paths))
15 SYSTEMPATH\rewrite.php(44): require_once('C:\\xamp\\htdocs\\reservation_ci\\public\\index.php')
CRITICAL - 2026-01-19 12:48:30 --> ErrorException: Undefined variable $page
[Method: GET, Route: dashboard]
in APPPATH\Views\user\dashboard.php on line 114.
 1 APPPATH\Views\user\dashboard.php(114): CodeIgniter\Debug\Exceptions->errorHandler(2, 'Undefined variable $page', 'C:\\xamp\\htdocs\\reservation_ci\\app\\Views\\user\\dashboard.php', 114)
 2 SYSTEMPATH\View\View.php(226): include('C:\\xamp\\htdocs\\reservation_ci\\app\\Views\\user\\dashboard.php')
 3 SYSTEMPATH\View\View.php(229): CodeIgniter\View\View->CodeIgniter\View\{closure}()
 4 SYSTEMPATH\Common.php(1199): CodeIgniter\View\View->render('user/dashboard', [], true)
 5 APPPATH\Controllers\UserController.php(37): view('user/dashboard', [...])
 6 SYSTEMPATH\CodeIgniter.php(933): App\Controllers\UserController->dashboard()
 7 SYSTEMPATH\CodeIgniter.php(507): CodeIgniter\CodeIgniter->runController(Object(App\Controllers\UserController))
 8 SYSTEMPATH\CodeIgniter.php(354): CodeIgniter\CodeIgniter->handleRequest(null, Object(Config\Cache), false)
 9 SYSTEMPATH\Boot.php(363): CodeIgniter\CodeIgniter->run()
10 SYSTEMPATH\Boot.php(68): CodeIgniter\Boot::runCodeIgniter(Object(CodeIgniter\CodeIgniter))
11 FCPATH\index.php(59): CodeIgniter\Boot::bootWeb(Object(Config\Paths))
12 SYSTEMPATH\rewrite.php(44): require_once('C:\\xamp\\htdocs\\reservation_ci\\public\\index.php')
CRITICAL - 2026-01-19 12:50:40 --> ErrorException: Undefined variable $page
[Method: GET, Route: dashboard]
in APPPATH\Views\user\dashboard.php on line 118.
 1 APPPATH\Views\user\dashboard.php(118): CodeIgniter\Debug\Exceptions->errorHandler(2, 'Undefined variable $page', 'C:\\xamp\\htdocs\\reservation_ci\\app\\Views\\user\\dashboard.php', 118)
 2 SYSTEMPATH\View\View.php(226): include('C:\\xamp\\htdocs\\reservation_ci\\app\\Views\\user\\dashboard.php')
 3 SYSTEMPATH\View\View.php(229): CodeIgniter\View\View->CodeIgniter\View\{closure}()
 4 SYSTEMPATH\Common.php(1199): CodeIgniter\View\View->render('user/dashboard', [], true)
 5 APPPATH\Controllers\UserController.php(37): view('user/dashboard', [...])
 6 SYSTEMPATH\CodeIgniter.php(933): App\Controllers\UserController->dashboard()
 7 SYSTEMPATH\CodeIgniter.php(507): CodeIgniter\CodeIgniter->runController(Object(App\Controllers\UserController))
 8 SYSTEMPATH\CodeIgniter.php(354): CodeIgniter\CodeIgniter->handleRequest(null, Object(Config\Cache), false)
 9 SYSTEMPATH\Boot.php(363): CodeIgniter\CodeIgniter->run()
10 SYSTEMPATH\Boot.php(68): CodeIgniter\Boot::runCodeIgniter(Object(CodeIgniter\CodeIgniter))
11 FCPATH\index.php(59): CodeIgniter\Boot::bootWeb(Object(Config\Paths))
12 SYSTEMPATH\rewrite.php(44): require_once('C:\\xamp\\htdocs\\reservation_ci\\public\\index.php')
CRITICAL - 2026-01-19 12:59:09 --> CodeIgniter\View\Exceptions\ViewException: Invalid file: "reservation_dashboard.php"
[Method: GET, Route: reservation]
in SYSTEMPATH\Exceptions\FrameworkException.php on line 39.
 1 SYSTEMPATH\View\View.php(214): CodeIgniter\Exceptions\FrameworkException::forInvalidFile('reservation_dashboard.php')
 2 SYSTEMPATH\Common.php(1199): CodeIgniter\View\View->render('reservation_dashboard', [], true)
 3 APPPATH\Controllers\Reservation.php(36): view('reservation_dashboard', [...])
 4 SYSTEMPATH\CodeIgniter.php(933): App\Controllers\Reservation->index()
 5 SYSTEMPATH\CodeIgniter.php(507): CodeIgniter\CodeIgniter->runController(Object(App\Controllers\Reservation))
 6 SYSTEMPATH\CodeIgniter.php(354): CodeIgniter\CodeIgniter->handleRequest(null, Object(Config\Cache), false)
 7 SYSTEMPATH\Boot.php(363): CodeIgniter\CodeIgniter->run()
 8 SYSTEMPATH\Boot.php(68): CodeIgniter\Boot::runCodeIgniter(Object(CodeIgniter\CodeIgniter))
 9 FCPATH\index.php(59): CodeIgniter\Boot::bootWeb(Object(Config\Paths))
10 SYSTEMPATH\rewrite.php(44): require_once('C:\\xamp\\htdocs\\reservation_ci\\public\\index.php')
CRITICAL - 2026-01-19 13:04:35 --> CodeIgniter\View\Exceptions\ViewException: Invalid file: "reservation_dashboard.php"
[Method: GET, Route: reservation]
in SYSTEMPATH\Exceptions\FrameworkException.php on line 39.
 1 SYSTEMPATH\View\View.php(214): CodeIgniter\Exceptions\FrameworkException::forInvalidFile('reservation_dashboard.php')
 2 SYSTEMPATH\Common.php(1199): CodeIgniter\View\View->render('reservation_dashboard', [], true)
 3 APPPATH\Controllers\Reservation.php(36): view('reservation_dashboard', [...])
 4 SYSTEMPATH\CodeIgniter.php(933): App\Controllers\Reservation->index()
 5 SYSTEMPATH\CodeIgniter.php(507): CodeIgniter\CodeIgniter->runController(Object(App\Controllers\Reservation))
 6 SYSTEMPATH\CodeIgniter.php(354): CodeIgniter\CodeIgniter->handleRequest(null, Object(Config\Cache), false)
 7 SYSTEMPATH\Boot.php(363): CodeIgniter\CodeIgniter->run()
 8 SYSTEMPATH\Boot.php(68): CodeIgniter\Boot::runCodeIgniter(Object(CodeIgniter\CodeIgniter))
 9 FCPATH\index.php(59): CodeIgniter\Boot::bootWeb(Object(Config\Paths))
10 SYSTEMPATH\rewrite.php(44): require_once('C:\\xamp\\htdocs\\reservation_ci\\public\\index.php')
CRITICAL - 2026-01-19 13:05:08 --> CodeIgniter\View\Exceptions\ViewException: Invalid file: "reservation_dashboard.php"
[Method: GET, Route: reservation]
in SYSTEMPATH\Exceptions\FrameworkException.php on line 39.
 1 SYSTEMPATH\View\View.php(214): CodeIgniter\Exceptions\FrameworkException::forInvalidFile('reservation_dashboard.php')
 2 SYSTEMPATH\Common.php(1199): CodeIgniter\View\View->render('reservation_dashboard', [], true)
 3 APPPATH\Controllers\Reservation.php(36): view('reservation_dashboard', [...])
 4 SYSTEMPATH\CodeIgniter.php(933): App\Controllers\Reservation->index()
 5 SYSTEMPATH\CodeIgniter.php(507): CodeIgniter\CodeIgniter->runController(Object(App\Controllers\Reservation))
 6 SYSTEMPATH\CodeIgniter.php(354): CodeIgniter\CodeIgniter->handleRequest(null, Object(Config\Cache), false)
 7 SYSTEMPATH\Boot.php(363): CodeIgniter\CodeIgniter->run()
 8 SYSTEMPATH\Boot.php(68): CodeIgniter\Boot::runCodeIgniter(Object(CodeIgniter\CodeIgniter))
 9 FCPATH\index.php(59): CodeIgniter\Boot::bootWeb(Object(Config\Paths))
10 SYSTEMPATH\rewrite.php(44): require_once('C:\\xamp\\htdocs\\reservation_ci\\public\\index.php')
CRITICAL - 2026-01-19 13:05:15 --> CodeIgniter\View\Exceptions\ViewException: Invalid file: "reservation_dashboard.php"
[Method: GET, Route: reservation]
in SYSTEMPATH\Exceptions\FrameworkException.php on line 39.
 1 SYSTEMPATH\View\View.php(214): CodeIgniter\Exceptions\FrameworkException::forInvalidFile('reservation_dashboard.php')
 2 SYSTEMPATH\Common.php(1199): CodeIgniter\View\View->render('reservation_dashboard', [], true)
 3 APPPATH\Controllers\Reservation.php(36): view('reservation_dashboard', [...])
 4 SYSTEMPATH\CodeIgniter.php(933): App\Controllers\Reservation->index()
 5 SYSTEMPATH\CodeIgniter.php(507): CodeIgniter\CodeIgniter->runController(Object(App\Controllers\Reservation))
 6 SYSTEMPATH\CodeIgniter.php(354): CodeIgniter\CodeIgniter->handleRequest(null, Object(Config\Cache), false)
 7 SYSTEMPATH\Boot.php(363): CodeIgniter\CodeIgniter->run()
 8 SYSTEMPATH\Boot.php(68): CodeIgniter\Boot::runCodeIgniter(Object(CodeIgniter\CodeIgniter))
 9 FCPATH\index.php(59): CodeIgniter\Boot::bootWeb(Object(Config\Paths))
10 SYSTEMPATH\rewrite.php(44): require_once('C:\\xamp\\htdocs\\reservation_ci\\public\\index.php')
CRITICAL - 2026-01-19 13:07:19 --> CodeIgniter\View\Exceptions\ViewException: Invalid file: "reservation.php"
[Method: GET, Route: reservation]
in SYSTEMPATH\Exceptions\FrameworkException.php on line 39.
 1 SYSTEMPATH\View\View.php(214): CodeIgniter\Exceptions\FrameworkException::forInvalidFile('reservation.php')
 2 SYSTEMPATH\Common.php(1199): CodeIgniter\View\View->render('reservation', [], true)
 3 APPPATH\Controllers\Reservation.php(36): view('reservation', [...])
 4 SYSTEMPATH\CodeIgniter.php(933): App\Controllers\Reservation->index()
 5 SYSTEMPATH\CodeIgniter.php(507): CodeIgniter\CodeIgniter->runController(Object(App\Controllers\Reservation))
 6 SYSTEMPATH\CodeIgniter.php(354): CodeIgniter\CodeIgniter->handleRequest(null, Object(Config\Cache), false)
 7 SYSTEMPATH\Boot.php(363): CodeIgniter\CodeIgniter->run()
 8 SYSTEMPATH\Boot.php(68): CodeIgniter\Boot::runCodeIgniter(Object(CodeIgniter\CodeIgniter))
 9 FCPATH\index.php(59): CodeIgniter\Boot::bootWeb(Object(Config\Paths))
10 SYSTEMPATH\rewrite.php(44): require_once('C:\\xamp\\htdocs\\reservation_ci\\public\\index.php')
CRITICAL - 2026-01-19 13:12:48 --> CodeIgniter\View\Exceptions\ViewException: Invalid file: "reservation.php"
[Method: GET, Route: reservation]
in SYSTEMPATH\Exceptions\FrameworkException.php on line 39.
 1 SYSTEMPATH\View\View.php(214): CodeIgniter\Exceptions\FrameworkException::forInvalidFile('reservation.php')
 2 SYSTEMPATH\Common.php(1199): CodeIgniter\View\View->render('reservation', [], true)
 3 APPPATH\Controllers\Reservation.php(34): view('reservation')
 4 SYSTEMPATH\CodeIgniter.php(933): App\Controllers\Reservation->index()
 5 SYSTEMPATH\CodeIgniter.php(507): CodeIgniter\CodeIgniter->runController(Object(App\Controllers\Reservation))
 6 SYSTEMPATH\CodeIgniter.php(354): CodeIgniter\CodeIgniter->handleRequest(null, Object(Config\Cache), false)
 7 SYSTEMPATH\Boot.php(363): CodeIgniter\CodeIgniter->run()
 8 SYSTEMPATH\Boot.php(68): CodeIgniter\Boot::runCodeIgniter(Object(CodeIgniter\CodeIgniter))
 9 FCPATH\index.php(59): CodeIgniter\Boot::bootWeb(Object(Config\Paths))
10 SYSTEMPATH\rewrite.php(44): require_once('C:\\xamp\\htdocs\\reservation_ci\\public\\index.php')
