CRITICAL - 2026-02-11 20:28:29 --> ErrorException: require_once(../config/database.php): Failed to open stream: No such file or directory
[Method: GET, Route: admin/new-reservation]
in APPPATH\Views\admin\new-reservation.php on line 2.
 1 APPPATH\Views\admin\new-reservation.php(2): CodeIgniter\Debug\Exceptions->errorHandler(2, 'require_once(../config/database.php): Failed to open stream: No such file or directory', 'C:\\xamp\\htdocs\\reservation_ci\\app\\Views\\admin\\new-reservation.php', 2)
 2 APPPATH\Views\admin\new-reservation.php(2): require_once()
 3 SYSTEMPATH\View\View.php(226): include('C:\\xamp\\htdocs\\reservation_ci\\app\\Views\\admin\\new-reservation.php')
 4 SYSTEMPATH\View\View.php(229): CodeIgniter\View\View->CodeIgniter\View\{closure}()
 5 SYSTEMPATH\Common.php(1199): CodeIgniter\View\View->render('admin/new-reservation', [], true)
 6 APPPATH\Controllers\AdminController.php(39): view('admin/new-reservation', [...])
 7 SYSTEMPATH\CodeIgniter.php(933): App\Controllers\AdminController->newReservation()
 8 SYSTEMPATH\CodeIgniter.php(507): CodeIgniter\CodeIgniter->runController(Object(App\Controllers\AdminController))
 9 SYSTEMPATH\CodeIgniter.php(354): CodeIgniter\CodeIgniter->handleRequest(null, Object(Config\Cache), false)
10 SYSTEMPATH\Boot.php(363): CodeIgniter\CodeIgniter->run()
11 SYSTEMPATH\Boot.php(68): CodeIgniter\Boot::runCodeIgniter(Object(CodeIgniter\CodeIgniter))
12 FCPATH\index.php(59): CodeIgniter\Boot::bootWeb(Object(Config\Paths))
13 SYSTEMPATH\rewrite.php(44): require_once('C:\\xamp\\htdocs\\reservation_ci\\public\\index.php')
CRITICAL - 2026-02-11 20:28:48 --> ErrorException: session_start(): Ignoring session_start() because a session is already active
[Method: GET, Route: admin/new-reservation]
in APPPATH\Views\admin\new-reservation.php on line 4.
 1 [internal function]: CodeIgniter\Debug\Exceptions->errorHandler(8, 'session_start(): Ignoring session_start() because a session is already active', 'C:\\xamp\\htdocs\\reservation_ci\\app\\Views\\admin\\new-reservation.php', 4)
 2 APPPATH\Views\admin\new-reservation.php(4): session_start()
 3 SYSTEMPATH\View\View.php(226): include('C:\\xamp\\htdocs\\reservation_ci\\app\\Views\\admin\\new-reservation.php')
 4 SYSTEMPATH\View\View.php(229): CodeIgniter\View\View->CodeIgniter\View\{closure}()
 5 SYSTEMPATH\Common.php(1199): CodeIgniter\View\View->render('admin/new-reservation', [], true)
 6 APPPATH\Controllers\AdminController.php(39): view('admin/new-reservation', [...])
 7 SYSTEMPATH\CodeIgniter.php(933): App\Controllers\AdminController->newReservation()
 8 SYSTEMPATH\CodeIgniter.php(507): CodeIgniter\CodeIgniter->runController(Object(App\Controllers\AdminController))
 9 SYSTEMPATH\CodeIgniter.php(354): CodeIgniter\CodeIgniter->handleRequest(null, Object(Config\Cache), false)
10 SYSTEMPATH\Boot.php(363): CodeIgniter\CodeIgniter->run()
11 SYSTEMPATH\Boot.php(68): CodeIgniter\Boot::runCodeIgniter(Object(CodeIgniter\CodeIgniter))
12 FCPATH\index.php(59): CodeIgniter\Boot::bootWeb(Object(Config\Paths))
13 SYSTEMPATH\rewrite.php(44): require_once('C:\\xamp\\htdocs\\reservation_ci\\public\\index.php')
CRITICAL - 2026-02-11 20:38:48 --> ErrorException: Undefined variable $pdo
[Method: GET, Route: admin/new-reservation]
in APPPATH\Views\admin\new-reservation.php on line 3.
 1 APPPATH\Views\admin\new-reservation.php(3): CodeIgniter\Debug\Exceptions->errorHandler(2, 'Undefined variable $pdo', 'C:\\xamp\\htdocs\\reservation_ci\\app\\Views\\admin\\new-reservation.php', 3)
 2 SYSTEMPATH\View\View.php(226): include('C:\\xamp\\htdocs\\reservation_ci\\app\\Views\\admin\\new-reservation.php')
 3 SYSTEMPATH\View\View.php(229): CodeIgniter\View\View->CodeIgniter\View\{closure}()
 4 SYSTEMPATH\Common.php(1199): CodeIgniter\View\View->render('admin/new-reservation', [], true)
 5 APPPATH\Controllers\AdminController.php(39): view('admin/new-reservation', [...])
 6 SYSTEMPATH\CodeIgniter.php(933): App\Controllers\AdminController->newReservation()
 7 SYSTEMPATH\CodeIgniter.php(507): CodeIgniter\CodeIgniter->runController(Object(App\Controllers\AdminController))
 8 SYSTEMPATH\CodeIgniter.php(354): CodeIgniter\CodeIgniter->handleRequest(null, Object(Config\Cache), false)
 9 SYSTEMPATH\Boot.php(363): CodeIgniter\CodeIgniter->run()
10 SYSTEMPATH\Boot.php(68): CodeIgniter\Boot::runCodeIgniter(Object(CodeIgniter\CodeIgniter))
11 FCPATH\index.php(59): CodeIgniter\Boot::bootWeb(Object(Config\Paths))
12 SYSTEMPATH\rewrite.php(44): require_once('C:\\xamp\\htdocs\\reservation_ci\\public\\index.php')
CRITICAL - 2026-02-11 20:51:19 --> ErrorException: Undefined variable $pdo
[Method: GET, Route: admin/new-reservation]
in APPPATH\Views\admin\new-reservation.php on line 3.
 1 APPPATH\Views\admin\new-reservation.php(3): CodeIgniter\Debug\Exceptions->errorHandler(2, 'Undefined variable $pdo', 'C:\\xamp\\htdocs\\reservation_ci\\app\\Views\\admin\\new-reservation.php', 3)
 2 SYSTEMPATH\View\View.php(226): include('C:\\xamp\\htdocs\\reservation_ci\\app\\Views\\admin\\new-reservation.php')
 3 SYSTEMPATH\View\View.php(229): CodeIgniter\View\View->CodeIgniter\View\{closure}()
 4 SYSTEMPATH\Common.php(1199): CodeIgniter\View\View->render('admin/new-reservation', [], true)
 5 APPPATH\Controllers\AdminController.php(46): view('admin/new-reservation', [...])
 6 SYSTEMPATH\CodeIgniter.php(933): App\Controllers\AdminController->newReservation()
 7 SYSTEMPATH\CodeIgniter.php(507): CodeIgniter\CodeIgniter->runController(Object(App\Controllers\AdminController))
 8 SYSTEMPATH\CodeIgniter.php(354): CodeIgniter\CodeIgniter->handleRequest(null, Object(Config\Cache), false)
 9 SYSTEMPATH\Boot.php(363): CodeIgniter\CodeIgniter->run()
10 SYSTEMPATH\Boot.php(68): CodeIgniter\Boot::runCodeIgniter(Object(CodeIgniter\CodeIgniter))
11 FCPATH\index.php(59): CodeIgniter\Boot::bootWeb(Object(Config\Paths))
12 SYSTEMPATH\rewrite.php(44): require_once('C:\\xamp\\htdocs\\reservation_ci\\public\\index.php')
ERROR - 2026-02-11 21:23:31 --> mysqli_sql_exception: Cannot add or update a child row: a foreign key constraint fails (`reservation_system`.`pcs`, CONSTRAINT `pcs_added_by_foreign` FOREIGN KEY (`added_by`) REFERENCES `users` (`id`) ON DELETE CASCADE ON UPDATE CASCADE) in C:\xamp\htdocs\reservation_ci\vendor\codeigniter4\framework\system\Database\MySQLi\Connection.php:327
Stack trace:
#0 C:\xamp\htdocs\reservation_ci\vendor\codeigniter4\framework\system\Database\MySQLi\Connection.php(327): mysqli->query('INSERT INTO `pc...', 0)
#1 C:\xamp\htdocs\reservation_ci\vendor\codeigniter4\framework\system\Database\BaseConnection.php(729): CodeIgniter\Database\MySQLi\Connection->execute('INSERT INTO `pc...')
#2 C:\xamp\htdocs\reservation_ci\vendor\codeigniter4\framework\system\Database\BaseConnection.php(646): CodeIgniter\Database\BaseConnection->simpleQuery('INSERT INTO `pc...')
#3 C:\xamp\htdocs\reservation_ci\vendor\codeigniter4\framework\system\Database\BaseBuilder.php(2345): CodeIgniter\Database\BaseConnection->query('INSERT INTO `pc...', Array, false)
#4 C:\xamp\htdocs\reservation_ci\app\Controllers\AdminController.php(58): CodeIgniter\Database\BaseBuilder->insert(Array)
#5 C:\xamp\htdocs\reservation_ci\vendor\codeigniter4\framework\system\CodeIgniter.php(933): App\Controllers\AdminController->addPC()
#6 C:\xamp\htdocs\reservation_ci\vendor\codeigniter4\framework\system\CodeIgniter.php(507): CodeIgniter\CodeIgniter->runController(Object(App\Controllers\AdminController))
#7 C:\xamp\htdocs\reservation_ci\vendor\codeigniter4\framework\system\CodeIgniter.php(354): CodeIgniter\CodeIgniter->handleRequest(NULL, Object(Config\Cache), false)
#8 C:\xamp\htdocs\reservation_ci\vendor\codeigniter4\framework\system\Boot.php(363): CodeIgniter\CodeIgniter->run()
#9 C:\xamp\htdocs\reservation_ci\vendor\codeigniter4\framework\system\Boot.php(68): CodeIgniter\Boot::runCodeIgniter(Object(CodeIgniter\CodeIgniter))
#10 C:\xamp\htdocs\reservation_ci\public\index.php(59): CodeIgniter\Boot::bootWeb(Object(Config\Paths))
#11 C:\xamp\htdocs\reservation_ci\vendor\codeigniter4\framework\system\rewrite.php(44): require_once('C:\\xamp\\htdocs\\...')
#12 {main}
CRITICAL - 2026-02-11 21:23:32 --> CodeIgniter\Database\Exceptions\DatabaseException: Cannot add or update a child row: a foreign key constraint fails (`reservation_system`.`pcs`, CONSTRAINT `pcs_added_by_foreign` FOREIGN KEY (`added_by`) REFERENCES `users` (`id`) ON DELETE CASCADE ON UPDATE CASCADE)
[Method: POST, Route: admin/add-pc]
in SYSTEMPATH\Database\BaseConnection.php on line 684.
 1 SYSTEMPATH\Database\BaseBuilder.php(2345): CodeIgniter\Database\BaseConnection->query('INSERT INTO `pcs` (`pc_number`, `status`) VALUES (:pc_number:, :status:)', [...], false)
 2 APPPATH\Controllers\AdminController.php(58): CodeIgniter\Database\BaseBuilder->insert([...])
 3 SYSTEMPATH\CodeIgniter.php(933): App\Controllers\AdminController->addPC()
 4 SYSTEMPATH\CodeIgniter.php(507): CodeIgniter\CodeIgniter->runController(Object(App\Controllers\AdminController))
 5 SYSTEMPATH\CodeIgniter.php(354): CodeIgniter\CodeIgniter->handleRequest(null, Object(Config\Cache), false)
 6 SYSTEMPATH\Boot.php(363): CodeIgniter\CodeIgniter->run()
 7 SYSTEMPATH\Boot.php(68): CodeIgniter\Boot::runCodeIgniter(Object(CodeIgniter\CodeIgniter))
 8 FCPATH\index.php(59): CodeIgniter\Boot::bootWeb(Object(Config\Paths))
 9 SYSTEMPATH\rewrite.php(44): require_once('C:\\xamp\\htdocs\\reservation_ci\\public\\index.php')
CRITICAL - 2026-02-11 21:23:32 --> [Caused by] CodeIgniter\Database\Exceptions\DatabaseException: Cannot add or update a child row: a foreign key constraint fails (`reservation_system`.`pcs`, CONSTRAINT `pcs_added_by_foreign` FOREIGN KEY (`added_by`) REFERENCES `users` (`id`) ON DELETE CASCADE ON UPDATE CASCADE)
in SYSTEMPATH\Database\MySQLi\Connection.php on line 332.
 1 SYSTEMPATH\Database\BaseConnection.php(729): CodeIgniter\Database\MySQLi\Connection->execute('INSERT INTO `pcs` (`pc_number`, `status`) VALUES (\'PC-005\', \'available\')')
 2 SYSTEMPATH\Database\BaseConnection.php(646): CodeIgniter\Database\BaseConnection->simpleQuery('INSERT INTO `pcs` (`pc_number`, `status`) VALUES (\'PC-005\', \'available\')')
 3 SYSTEMPATH\Database\BaseBuilder.php(2345): CodeIgniter\Database\BaseConnection->query('INSERT INTO `pcs` (`pc_number`, `status`) VALUES (:pc_number:, :status:)', [...], false)
 4 APPPATH\Controllers\AdminController.php(58): CodeIgniter\Database\BaseBuilder->insert([...])
 5 SYSTEMPATH\CodeIgniter.php(933): App\Controllers\AdminController->addPC()
 6 SYSTEMPATH\CodeIgniter.php(507): CodeIgniter\CodeIgniter->runController(Object(App\Controllers\AdminController))
 7 SYSTEMPATH\CodeIgniter.php(354): CodeIgniter\CodeIgniter->handleRequest(null, Object(Config\Cache), false)
 8 SYSTEMPATH\Boot.php(363): CodeIgniter\CodeIgniter->run()
 9 SYSTEMPATH\Boot.php(68): CodeIgniter\Boot::runCodeIgniter(Object(CodeIgniter\CodeIgniter))
10 FCPATH\index.php(59): CodeIgniter\Boot::bootWeb(Object(Config\Paths))
11 SYSTEMPATH\rewrite.php(44): require_once('C:\\xamp\\htdocs\\reservation_ci\\public\\index.php')
CRITICAL - 2026-02-11 21:23:32 --> [Caused by] mysqli_sql_exception: Cannot add or update a child row: a foreign key constraint fails (`reservation_system`.`pcs`, CONSTRAINT `pcs_added_by_foreign` FOREIGN KEY (`added_by`) REFERENCES `users` (`id`) ON DELETE CASCADE ON UPDATE CASCADE)
in SYSTEMPATH\Database\MySQLi\Connection.php on line 327.
 1 SYSTEMPATH\Database\MySQLi\Connection.php(327): mysqli->query('INSERT INTO `pcs` (`pc_number`, `status`) VALUES (\'PC-005\', \'available\')', 0)
 2 SYSTEMPATH\Database\BaseConnection.php(729): CodeIgniter\Database\MySQLi\Connection->execute('INSERT INTO `pcs` (`pc_number`, `status`) VALUES (\'PC-005\', \'available\')')
 3 SYSTEMPATH\Database\BaseConnection.php(646): CodeIgniter\Database\BaseConnection->simpleQuery('INSERT INTO `pcs` (`pc_number`, `status`) VALUES (\'PC-005\', \'available\')')
 4 SYSTEMPATH\Database\BaseBuilder.php(2345): CodeIgniter\Database\BaseConnection->query('INSERT INTO `pcs` (`pc_number`, `status`) VALUES (:pc_number:, :status:)', [...], false)
 5 APPPATH\Controllers\AdminController.php(58): CodeIgniter\Database\BaseBuilder->insert([...])
 6 SYSTEMPATH\CodeIgniter.php(933): App\Controllers\AdminController->addPC()
 7 SYSTEMPATH\CodeIgniter.php(507): CodeIgniter\CodeIgniter->runController(Object(App\Controllers\AdminController))
 8 SYSTEMPATH\CodeIgniter.php(354): CodeIgniter\CodeIgniter->handleRequest(null, Object(Config\Cache), false)
 9 SYSTEMPATH\Boot.php(363): CodeIgniter\CodeIgniter->run()
10 SYSTEMPATH\Boot.php(68): CodeIgniter\Boot::runCodeIgniter(Object(CodeIgniter\CodeIgniter))
11 FCPATH\index.php(59): CodeIgniter\Boot::bootWeb(Object(Config\Paths))
12 SYSTEMPATH\rewrite.php(44): require_once('C:\\xamp\\htdocs\\reservation_ci\\public\\index.php')
CRITICAL - 2026-02-11 21:45:30 --> ErrorException: Undefined variable $pcs
[Method: GET, Route: admin/new-reservation]
in APPPATH\Views\admin\new-reservation.php on line 76.
 1 APPPATH\Views\admin\new-reservation.php(76): CodeIgniter\Debug\Exceptions->errorHandler(2, 'Undefined variable $pcs', 'C:\\xamp\\htdocs\\reservation_ci\\app\\Views\\admin\\new-reservation.php', 76)
 2 SYSTEMPATH\View\View.php(226): include('C:\\xamp\\htdocs\\reservation_ci\\app\\Views\\admin\\new-reservation.php')
 3 SYSTEMPATH\View\View.php(229): CodeIgniter\View\View->CodeIgniter\View\{closure}()
 4 SYSTEMPATH\Common.php(1199): CodeIgniter\View\View->render('admin/new-reservation', [], true)
 5 APPPATH\Controllers\AdminController.php(98): view('admin/new-reservation', [...])
 6 SYSTEMPATH\CodeIgniter.php(933): App\Controllers\AdminController->newReservation()
 7 SYSTEMPATH\CodeIgniter.php(507): CodeIgniter\CodeIgniter->runController(Object(App\Controllers\AdminController))
 8 SYSTEMPATH\CodeIgniter.php(354): CodeIgniter\CodeIgniter->handleRequest(null, Object(Config\Cache), false)
 9 SYSTEMPATH\Boot.php(363): CodeIgniter\CodeIgniter->run()
10 SYSTEMPATH\Boot.php(68): CodeIgniter\Boot::runCodeIgniter(Object(CodeIgniter\CodeIgniter))
11 FCPATH\index.php(59): CodeIgniter\Boot::bootWeb(Object(Config\Paths))
12 SYSTEMPATH\rewrite.php(44): require_once('C:\\xamp\\htdocs\\reservation_ci\\public\\index.php')
CRITICAL - 2026-02-11 21:54:52 --> CodeIgniter\View\Exceptions\ViewException: Invalid file: "admin/new_reservation.php"
[Method: GET, Route: admin/new-reservation]
in SYSTEMPATH\Exceptions\FrameworkException.php on line 39.
 1 SYSTEMPATH\View\View.php(214): CodeIgniter\Exceptions\FrameworkException::forInvalidFile('admin/new_reservation.php')
 2 SYSTEMPATH\Common.php(1199): CodeIgniter\View\View->render('admin/new_reservation', [], true)
 3 APPPATH\Controllers\AdminController.php(102): view('admin/new_reservation', [...])
 4 SYSTEMPATH\CodeIgniter.php(933): App\Controllers\AdminController->newReservation()
 5 SYSTEMPATH\CodeIgniter.php(507): CodeIgniter\CodeIgniter->runController(Object(App\Controllers\AdminController))
 6 SYSTEMPATH\CodeIgniter.php(354): CodeIgniter\CodeIgniter->handleRequest(null, Object(Config\Cache), false)
 7 SYSTEMPATH\Boot.php(363): CodeIgniter\CodeIgniter->run()
 8 SYSTEMPATH\Boot.php(68): CodeIgniter\Boot::runCodeIgniter(Object(CodeIgniter\CodeIgniter))
 9 FCPATH\index.php(59): CodeIgniter\Boot::bootWeb(Object(Config\Paths))
10 SYSTEMPATH\rewrite.php(44): require_once('C:\\xamp\\htdocs\\reservation_ci\\public\\index.php')
CRITICAL - 2026-02-11 22:16:30 --> ErrorException: Undefined variable $resources
[Method: GET, Route: admin/dashboard]
in APPPATH\Views\admin\dashboard.php on line 176.
 1 APPPATH\Views\admin\dashboard.php(176): CodeIgniter\Debug\Exceptions->errorHandler(2, 'Undefined variable $resources', 'C:\\xamp\\htdocs\\reservation_ci\\app\\Views\\admin\\dashboard.php', 176)
 2 SYSTEMPATH\View\View.php(226): include('C:\\xamp\\htdocs\\reservation_ci\\app\\Views\\admin\\dashboard.php')
 3 SYSTEMPATH\View\View.php(229): CodeIgniter\View\View->CodeIgniter\View\{closure}()
 4 SYSTEMPATH\Common.php(1199): CodeIgniter\View\View->render('admin/dashboard', [], true)
 5 APPPATH\Controllers\AdminController.php(23): view('admin/dashboard', [...])
 6 SYSTEMPATH\CodeIgniter.php(933): App\Controllers\AdminController->dashboard()
 7 SYSTEMPATH\CodeIgniter.php(507): CodeIgniter\CodeIgniter->runController(Object(App\Controllers\AdminController))
 8 SYSTEMPATH\CodeIgniter.php(354): CodeIgniter\CodeIgniter->handleRequest(null, Object(Config\Cache), false)
 9 SYSTEMPATH\Boot.php(363): CodeIgniter\CodeIgniter->run()
10 SYSTEMPATH\Boot.php(68): CodeIgniter\Boot::runCodeIgniter(Object(CodeIgniter\CodeIgniter))
11 FCPATH\index.php(59): CodeIgniter\Boot::bootWeb(Object(Config\Paths))
12 SYSTEMPATH\rewrite.php(44): require_once('C:\\xamp\\htdocs\\reservation_ci\\public\\index.php')
CRITICAL - 2026-02-11 22:18:30 --> ErrorException: Undefined variable $resources
[Method: GET, Route: admin/dashboard]
in APPPATH\Views\admin\dashboard.php on line 176.
 1 APPPATH\Views\admin\dashboard.php(176): CodeIgniter\Debug\Exceptions->errorHandler(2, 'Undefined variable $resources', 'C:\\xamp\\htdocs\\reservation_ci\\app\\Views\\admin\\dashboard.php', 176)
 2 SYSTEMPATH\View\View.php(226): include('C:\\xamp\\htdocs\\reservation_ci\\app\\Views\\admin\\dashboard.php')
 3 SYSTEMPATH\View\View.php(229): CodeIgniter\View\View->CodeIgniter\View\{closure}()
 4 SYSTEMPATH\Common.php(1199): CodeIgniter\View\View->render('admin/dashboard', [], true)
 5 APPPATH\Controllers\AdminController.php(23): view('admin/dashboard', [...])
 6 SYSTEMPATH\CodeIgniter.php(933): App\Controllers\AdminController->dashboard()
 7 SYSTEMPATH\CodeIgniter.php(507): CodeIgniter\CodeIgniter->runController(Object(App\Controllers\AdminController))
 8 SYSTEMPATH\CodeIgniter.php(354): CodeIgniter\CodeIgniter->handleRequest(null, Object(Config\Cache), false)
 9 SYSTEMPATH\Boot.php(363): CodeIgniter\CodeIgniter->run()
10 SYSTEMPATH\Boot.php(68): CodeIgniter\Boot::runCodeIgniter(Object(CodeIgniter\CodeIgniter))
11 FCPATH\index.php(59): CodeIgniter\Boot::bootWeb(Object(Config\Paths))
12 SYSTEMPATH\rewrite.php(44): require_once('C:\\xamp\\htdocs\\reservation_ci\\public\\index.php')
CRITICAL - 2026-02-11 22:20:31 --> ErrorException: Undefined variable $resources
[Method: GET, Route: admin/dashboard]
in APPPATH\Views\admin\dashboard.php on line 176.
 1 APPPATH\Views\admin\dashboard.php(176): CodeIgniter\Debug\Exceptions->errorHandler(2, 'Undefined variable $resources', 'C:\\xamp\\htdocs\\reservation_ci\\app\\Views\\admin\\dashboard.php', 176)
 2 SYSTEMPATH\View\View.php(226): include('C:\\xamp\\htdocs\\reservation_ci\\app\\Views\\admin\\dashboard.php')
 3 SYSTEMPATH\View\View.php(229): CodeIgniter\View\View->CodeIgniter\View\{closure}()
 4 SYSTEMPATH\Common.php(1199): CodeIgniter\View\View->render('admin/dashboard', [], true)
 5 APPPATH\Controllers\AdminController.php(36): view('admin/dashboard', [...])
 6 SYSTEMPATH\CodeIgniter.php(933): App\Controllers\AdminController->dashboard()
 7 SYSTEMPATH\CodeIgniter.php(507): CodeIgniter\CodeIgniter->runController(Object(App\Controllers\AdminController))
 8 SYSTEMPATH\CodeIgniter.php(354): CodeIgniter\CodeIgniter->handleRequest(null, Object(Config\Cache), false)
 9 SYSTEMPATH\Boot.php(363): CodeIgniter\CodeIgniter->run()
10 SYSTEMPATH\Boot.php(68): CodeIgniter\Boot::runCodeIgniter(Object(CodeIgniter\CodeIgniter))
11 FCPATH\index.php(59): CodeIgniter\Boot::bootWeb(Object(Config\Paths))
12 SYSTEMPATH\rewrite.php(44): require_once('C:\\xamp\\htdocs\\reservation_ci\\public\\index.php')
CRITICAL - 2026-02-11 22:20:34 --> ErrorException: Undefined variable $resources
[Method: GET, Route: admin/dashboard]
in APPPATH\Views\admin\dashboard.php on line 176.
 1 APPPATH\Views\admin\dashboard.php(176): CodeIgniter\Debug\Exceptions->errorHandler(2, 'Undefined variable $resources', 'C:\\xamp\\htdocs\\reservation_ci\\app\\Views\\admin\\dashboard.php', 176)
 2 SYSTEMPATH\View\View.php(226): include('C:\\xamp\\htdocs\\reservation_ci\\app\\Views\\admin\\dashboard.php')
 3 SYSTEMPATH\View\View.php(229): CodeIgniter\View\View->CodeIgniter\View\{closure}()
 4 SYSTEMPATH\Common.php(1199): CodeIgniter\View\View->render('admin/dashboard', [], true)
 5 APPPATH\Controllers\AdminController.php(36): view('admin/dashboard', [...])
 6 SYSTEMPATH\CodeIgniter.php(933): App\Controllers\AdminController->dashboard()
 7 SYSTEMPATH\CodeIgniter.php(507): CodeIgniter\CodeIgniter->runController(Object(App\Controllers\AdminController))
 8 SYSTEMPATH\CodeIgniter.php(354): CodeIgniter\CodeIgniter->handleRequest(null, Object(Config\Cache), false)
 9 SYSTEMPATH\Boot.php(363): CodeIgniter\CodeIgniter->run()
10 SYSTEMPATH\Boot.php(68): CodeIgniter\Boot::runCodeIgniter(Object(CodeIgniter\CodeIgniter))
11 FCPATH\index.php(59): CodeIgniter\Boot::bootWeb(Object(Config\Paths))
12 SYSTEMPATH\rewrite.php(44): require_once('C:\\xamp\\htdocs\\reservation_ci\\public\\index.php')
CRITICAL - 2026-02-11 22:20:35 --> ErrorException: Undefined variable $resources
[Method: GET, Route: admin/dashboard]
in APPPATH\Views\admin\dashboard.php on line 176.
 1 APPPATH\Views\admin\dashboard.php(176): CodeIgniter\Debug\Exceptions->errorHandler(2, 'Undefined variable $resources', 'C:\\xamp\\htdocs\\reservation_ci\\app\\Views\\admin\\dashboard.php', 176)
 2 SYSTEMPATH\View\View.php(226): include('C:\\xamp\\htdocs\\reservation_ci\\app\\Views\\admin\\dashboard.php')
 3 SYSTEMPATH\View\View.php(229): CodeIgniter\View\View->CodeIgniter\View\{closure}()
 4 SYSTEMPATH\Common.php(1199): CodeIgniter\View\View->render('admin/dashboard', [], true)
 5 APPPATH\Controllers\AdminController.php(36): view('admin/dashboard', [...])
 6 SYSTEMPATH\CodeIgniter.php(933): App\Controllers\AdminController->dashboard()
 7 SYSTEMPATH\CodeIgniter.php(507): CodeIgniter\CodeIgniter->runController(Object(App\Controllers\AdminController))
 8 SYSTEMPATH\CodeIgniter.php(354): CodeIgniter\CodeIgniter->handleRequest(null, Object(Config\Cache), false)
 9 SYSTEMPATH\Boot.php(363): CodeIgniter\CodeIgniter->run()
10 SYSTEMPATH\Boot.php(68): CodeIgniter\Boot::runCodeIgniter(Object(CodeIgniter\CodeIgniter))
11 FCPATH\index.php(59): CodeIgniter\Boot::bootWeb(Object(Config\Paths))
12 SYSTEMPATH\rewrite.php(44): require_once('C:\\xamp\\htdocs\\reservation_ci\\public\\index.php')
CRITICAL - 2026-02-11 22:24:09 --> ErrorException: Undefined variable $resources
[Method: GET, Route: admin/dashboard]
in APPPATH\Views\admin\dashboard.php on line 176.
 1 APPPATH\Views\admin\dashboard.php(176): CodeIgniter\Debug\Exceptions->errorHandler(2, 'Undefined variable $resources', 'C:\\xamp\\htdocs\\reservation_ci\\app\\Views\\admin\\dashboard.php', 176)
 2 SYSTEMPATH\View\View.php(226): include('C:\\xamp\\htdocs\\reservation_ci\\app\\Views\\admin\\dashboard.php')
 3 SYSTEMPATH\View\View.php(229): CodeIgniter\View\View->CodeIgniter\View\{closure}()
 4 SYSTEMPATH\Common.php(1199): CodeIgniter\View\View->render('admin/dashboard', [], true)
 5 APPPATH\Controllers\AdminController.php(36): view('admin/dashboard', [...])
 6 SYSTEMPATH\CodeIgniter.php(933): App\Controllers\AdminController->dashboard()
 7 SYSTEMPATH\CodeIgniter.php(507): CodeIgniter\CodeIgniter->runController(Object(App\Controllers\AdminController))
 8 SYSTEMPATH\CodeIgniter.php(354): CodeIgniter\CodeIgniter->handleRequest(null, Object(Config\Cache), false)
 9 SYSTEMPATH\Boot.php(363): CodeIgniter\CodeIgniter->run()
10 SYSTEMPATH\Boot.php(68): CodeIgniter\Boot::runCodeIgniter(Object(CodeIgniter\CodeIgniter))
11 FCPATH\index.php(59): CodeIgniter\Boot::bootWeb(Object(Config\Paths))
12 SYSTEMPATH\rewrite.php(44): require_once('C:\\xamp\\htdocs\\reservation_ci\\public\\index.php')
ERROR - 2026-02-11 22:46:06 --> mysqli_sql_exception: Cannot add or update a child row: a foreign key constraint fails (`reservation_system`.`reservations`, CONSTRAINT `reservations_user_id_foreign` FOREIGN KEY (`user_id`) REFERENCES `users` (`id`) ON DELETE CASCADE ON UPDATE CASCADE) in C:\xamp\htdocs\reservation_ci\vendor\codeigniter4\framework\system\Database\MySQLi\Connection.php:327
Stack trace:
#0 C:\xamp\htdocs\reservation_ci\vendor\codeigniter4\framework\system\Database\MySQLi\Connection.php(327): mysqli->query('INSERT INTO `re...', 0)
#1 C:\xamp\htdocs\reservation_ci\vendor\codeigniter4\framework\system\Database\BaseConnection.php(729): CodeIgniter\Database\MySQLi\Connection->execute('INSERT INTO `re...')
#2 C:\xamp\htdocs\reservation_ci\vendor\codeigniter4\framework\system\Database\BaseConnection.php(646): CodeIgniter\Database\BaseConnection->simpleQuery('INSERT INTO `re...')
#3 C:\xamp\htdocs\reservation_ci\vendor\codeigniter4\framework\system\Database\BaseBuilder.php(2345): CodeIgniter\Database\BaseConnection->query('INSERT INTO `re...', Array, false)
#4 C:\xamp\htdocs\reservation_ci\vendor\codeigniter4\framework\system\Model.php(394): CodeIgniter\Database\BaseBuilder->insert()
#5 C:\xamp\htdocs\reservation_ci\vendor\codeigniter4\framework\system\BaseModel.php(838): CodeIgniter\Model->doInsert(Array)
#6 C:\xamp\htdocs\reservation_ci\vendor\codeigniter4\framework\system\Model.php(797): CodeIgniter\BaseModel->insert(Array, true)
#7 C:\xamp\htdocs\reservation_ci\app\Controllers\AdminController.php(122): CodeIgniter\Model->insert(Array)
#8 C:\xamp\htdocs\reservation_ci\vendor\codeigniter4\framework\system\CodeIgniter.php(933): App\Controllers\AdminController->createReservation()
#9 C:\xamp\htdocs\reservation_ci\vendor\codeigniter4\framework\system\CodeIgniter.php(507): CodeIgniter\CodeIgniter->runController(Object(App\Controllers\AdminController))
#10 C:\xamp\htdocs\reservation_ci\vendor\codeigniter4\framework\system\CodeIgniter.php(354): CodeIgniter\CodeIgniter->handleRequest(NULL, Object(Config\Cache), false)
#11 C:\xamp\htdocs\reservation_ci\vendor\codeigniter4\framework\system\Boot.php(363): CodeIgniter\CodeIgniter->run()
#12 C:\xamp\htdocs\reservation_ci\vendor\codeigniter4\framework\system\Boot.php(68): CodeIgniter\Boot::runCodeIgniter(Object(CodeIgniter\CodeIgniter))
#13 C:\xamp\htdocs\reservation_ci\public\index.php(59): CodeIgniter\Boot::bootWeb(Object(Config\Paths))
#14 C:\xamp\htdocs\reservation_ci\vendor\codeigniter4\framework\system\rewrite.php(44): require_once('C:\\xamp\\htdocs\\...')
#15 {main}
CRITICAL - 2026-02-11 22:46:06 --> CodeIgniter\Database\Exceptions\DatabaseException: Cannot add or update a child row: a foreign key constraint fails (`reservation_system`.`reservations`, CONSTRAINT `reservations_user_id_foreign` FOREIGN KEY (`user_id`) REFERENCES `users` (`id`) ON DELETE CASCADE ON UPDATE CASCADE)
[Method: POST, Route: admin/create-reservation]
in SYSTEMPATH\Database\BaseConnection.php on line 684.
 1 SYSTEMPATH\Database\BaseBuilder.php(2345): CodeIgniter\Database\BaseConnection->query('INSERT INTO `reservations` (`user_id`, `resource_id`, `pc_number`, `reservation_date`, `start_time`, `status`) VALUES (:user_id:, :resource_id:, :pc_number:, :reservation_date:, :start_time:, :status:)', [...], false)
 2 SYSTEMPATH\Model.php(394): CodeIgniter\Database\BaseBuilder->insert()
 3 SYSTEMPATH\BaseModel.php(838): CodeIgniter\Model->doInsert([...])
 4 SYSTEMPATH\Model.php(797): CodeIgniter\BaseModel->insert([...], true)
 5 APPPATH\Controllers\AdminController.php(122): CodeIgniter\Model->insert([...])
 6 SYSTEMPATH\CodeIgniter.php(933): App\Controllers\AdminController->createReservation()
 7 SYSTEMPATH\CodeIgniter.php(507): CodeIgniter\CodeIgniter->runController(Object(App\Controllers\AdminController))
 8 SYSTEMPATH\CodeIgniter.php(354): CodeIgniter\CodeIgniter->handleRequest(null, Object(Config\Cache), false)
 9 SYSTEMPATH\Boot.php(363): CodeIgniter\CodeIgniter->run()
10 SYSTEMPATH\Boot.php(68): CodeIgniter\Boot::runCodeIgniter(Object(CodeIgniter\CodeIgniter))
11 FCPATH\index.php(59): CodeIgniter\Boot::bootWeb(Object(Config\Paths))
12 SYSTEMPATH\rewrite.php(44): require_once('C:\\xamp\\htdocs\\reservation_ci\\public\\index.php')
CRITICAL - 2026-02-11 22:46:06 --> [Caused by] CodeIgniter\Database\Exceptions\DatabaseException: Cannot add or update a child row: a foreign key constraint fails (`reservation_system`.`reservations`, CONSTRAINT `reservations_user_id_foreign` FOREIGN KEY (`user_id`) REFERENCES `users` (`id`) ON DELETE CASCADE ON UPDATE CASCADE)
in SYSTEMPATH\Database\MySQLi\Connection.php on line 332.
 1 SYSTEMPATH\Database\BaseConnection.php(729): CodeIgniter\Database\MySQLi\Connection->execute('INSERT INTO `reservations` (`user_id`, `resource_id`, `pc_number`, `reservation_date`, `start_time`, `status`) VALUES (\'gabuatangelimae@gmail.com\', \'1\', \'PC-001\', \'2026-02-11\', \'10:45\', \'pending\')')
 2 SYSTEMPATH\Database\BaseConnection.php(646): CodeIgniter\Database\BaseConnection->simpleQuery('INSERT INTO `reservations` (`user_id`, `resource_id`, `pc_number`, `reservation_date`, `start_time`, `status`) VALUES (\'gabuatangelimae@gmail.com\', \'1\', \'PC-001\', \'2026-02-11\', \'10:45\', \'pending\')')
 3 SYSTEMPATH\Database\BaseBuilder.php(2345): CodeIgniter\Database\BaseConnection->query('INSERT INTO `reservations` (`user_id`, `resource_id`, `pc_number`, `reservation_date`, `start_time`, `status`) VALUES (:user_id:, :resource_id:, :pc_number:, :reservation_date:, :start_time:, :status:)', [...], false)
 4 SYSTEMPATH\Model.php(394): CodeIgniter\Database\BaseBuilder->insert()
 5 SYSTEMPATH\BaseModel.php(838): CodeIgniter\Model->doInsert([...])
 6 SYSTEMPATH\Model.php(797): CodeIgniter\BaseModel->insert([...], true)
 7 APPPATH\Controllers\AdminController.php(122): CodeIgniter\Model->insert([...])
 8 SYSTEMPATH\CodeIgniter.php(933): App\Controllers\AdminController->createReservation()
 9 SYSTEMPATH\CodeIgniter.php(507): CodeIgniter\CodeIgniter->runController(Object(App\Controllers\AdminController))
10 SYSTEMPATH\CodeIgniter.php(354): CodeIgniter\CodeIgniter->handleRequest(null, Object(Config\Cache), false)
11 SYSTEMPATH\Boot.php(363): CodeIgniter\CodeIgniter->run()
12 SYSTEMPATH\Boot.php(68): CodeIgniter\Boot::runCodeIgniter(Object(CodeIgniter\CodeIgniter))
13 FCPATH\index.php(59): CodeIgniter\Boot::bootWeb(Object(Config\Paths))
14 SYSTEMPATH\rewrite.php(44): require_once('C:\\xamp\\htdocs\\reservation_ci\\public\\index.php')
CRITICAL - 2026-02-11 22:46:06 --> [Caused by] mysqli_sql_exception: Cannot add or update a child row: a foreign key constraint fails (`reservation_system`.`reservations`, CONSTRAINT `reservations_user_id_foreign` FOREIGN KEY (`user_id`) REFERENCES `users` (`id`) ON DELETE CASCADE ON UPDATE CASCADE)
in SYSTEMPATH\Database\MySQLi\Connection.php on line 327.
 1 SYSTEMPATH\Database\MySQLi\Connection.php(327): mysqli->query('INSERT INTO `reservations` (`user_id`, `resource_id`, `pc_number`, `reservation_date`, `start_time`, `status`) VALUES (\'gabuatangelimae@gmail.com\', \'1\', \'PC-001\', \'2026-02-11\', \'10:45\', \'pending\')', 0)
 2 SYSTEMPATH\Database\BaseConnection.php(729): CodeIgniter\Database\MySQLi\Connection->execute('INSERT INTO `reservations` (`user_id`, `resource_id`, `pc_number`, `reservation_date`, `start_time`, `status`) VALUES (\'gabuatangelimae@gmail.com\', \'1\', \'PC-001\', \'2026-02-11\', \'10:45\', \'pending\')')
 3 SYSTEMPATH\Database\BaseConnection.php(646): CodeIgniter\Database\BaseConnection->simpleQuery('INSERT INTO `reservations` (`user_id`, `resource_id`, `pc_number`, `reservation_date`, `start_time`, `status`) VALUES (\'gabuatangelimae@gmail.com\', \'1\', \'PC-001\', \'2026-02-11\', \'10:45\', \'pending\')')
 4 SYSTEMPATH\Database\BaseBuilder.php(2345): CodeIgniter\Database\BaseConnection->query('INSERT INTO `reservations` (`user_id`, `resource_id`, `pc_number`, `reservation_date`, `start_time`, `status`) VALUES (:user_id:, :resource_id:, :pc_number:, :reservation_date:, :start_time:, :status:)', [...], false)
 5 SYSTEMPATH\Model.php(394): CodeIgniter\Database\BaseBuilder->insert()
 6 SYSTEMPATH\BaseModel.php(838): CodeIgniter\Model->doInsert([...])
 7 SYSTEMPATH\Model.php(797): CodeIgniter\BaseModel->insert([...], true)
 8 APPPATH\Controllers\AdminController.php(122): CodeIgniter\Model->insert([...])
 9 SYSTEMPATH\CodeIgniter.php(933): App\Controllers\AdminController->createReservation()
10 SYSTEMPATH\CodeIgniter.php(507): CodeIgniter\CodeIgniter->runController(Object(App\Controllers\AdminController))
11 SYSTEMPATH\CodeIgniter.php(354): CodeIgniter\CodeIgniter->handleRequest(null, Object(Config\Cache), false)
12 SYSTEMPATH\Boot.php(363): CodeIgniter\CodeIgniter->run()
13 SYSTEMPATH\Boot.php(68): CodeIgniter\Boot::runCodeIgniter(Object(CodeIgniter\CodeIgniter))
14 FCPATH\index.php(59): CodeIgniter\Boot::bootWeb(Object(Config\Paths))
15 SYSTEMPATH\rewrite.php(44): require_once('C:\\xamp\\htdocs\\reservation_ci\\public\\index.php')
CRITICAL - 2026-02-11 23:27:47 --> ErrorException: Undefined variable $activityLogModel
[Method: GET, Route: admin/activity-logs]
in APPPATH\Controllers\AdminController.php on line 180.
 1 APPPATH\Controllers\AdminController.php(180): CodeIgniter\Debug\Exceptions->errorHandler(2, 'Undefined variable $activityLogModel', 'C:\\xamp\\htdocs\\reservation_ci\\app\\Controllers\\AdminController.php', 180)
 2 SYSTEMPATH\CodeIgniter.php(933): App\Controllers\AdminController->activityLogs()
 3 SYSTEMPATH\CodeIgniter.php(507): CodeIgniter\CodeIgniter->runController(Object(App\Controllers\AdminController))
 4 SYSTEMPATH\CodeIgniter.php(354): CodeIgniter\CodeIgniter->handleRequest(null, Object(Config\Cache), false)
 5 SYSTEMPATH\Boot.php(363): CodeIgniter\CodeIgniter->run()
 6 SYSTEMPATH\Boot.php(68): CodeIgniter\Boot::runCodeIgniter(Object(CodeIgniter\CodeIgniter))
 7 FCPATH\index.php(59): CodeIgniter\Boot::bootWeb(Object(Config\Paths))
 8 SYSTEMPATH\rewrite.php(44): require_once('C:\\xamp\\htdocs\\reservation_ci\\public\\index.php')
